<?xml version="1.0" encoding="UTF-8"?>
<!-- Generated by org.testng.reporters.JUnitXMLReporter -->
<testsuite ignored="2" hostname="Tejass-MacBook-Pro.local" failures="0" tests="1" name="LoginTest" time="3.173" errors="0" timestamp="2024-11-26T12:39:40 GMT">
  <testcase classname="com.w2a.testcases.LoginTest" name="LoginAsBankManger" time="3.129"/>
  <testcase classname="com.w2a.base.TestBase" name="@AfterSuite tearDown" time="0.0">
    <ignored/>
  </testcase> <!-- @AfterSuite tearDown -->
  <testcase classname="com.w2a.base.TestBase" name="@BeforeSuite setUp" time="0.0">
    <ignored/>
  </testcase> <!-- @BeforeSuite setUp -->
</testsuite> <!-- LoginTest -->
