<?xml version="1.0" encoding="UTF-8"?>
<testng-results ignored="0" total="1" passed="1" failed="0" skipped="0">
  <reporter-output>
  </reporter-output>
  <suite started-at="2024-11-26T12:39:37 GMT" name="Data Driven Basics" finished-at="2024-11-26T12:39:40 GMT" duration-ms="3173">
    <groups>
    </groups>
    <test started-at="2024-11-26T12:39:37 GMT" name="LoginTest" finished-at="2024-11-26T12:39:40 GMT" duration-ms="3173">
      <class name="com.w2a.testcases.LoginTest">
        <test-method signature="LoginAsBankManger()[pri:0, instance:com.w2a.testcases.LoginTest@74e52303]" started-at="2024-11-26T12:39:37 GMT" name="LoginAsBankManger" finished-at="2024-11-26T12:39:40 GMT" duration-ms="3129" status="PASS">
          <reporter-output>
          </reporter-output>
        </test-method> <!-- LoginAsBankManger -->
      </class> <!-- com.w2a.testcases.LoginTest -->
      <class name="com.w2a.base.TestBase">
        <test-method is-config="true" signature="setUp()[pri:0, instance:com.w2a.base.TestBase@1d9b7cce]" started-at="2024-11-26T12:39:32 GMT" name="setUp" finished-at="2024-11-26T12:39:37 GMT" duration-ms="4984" status="PASS">
          <reporter-output>
          </reporter-output>
        </test-method> <!-- setUp -->
        <test-method is-config="true" signature="tearDown()[pri:0, instance:com.w2a.base.TestBase@1d9b7cce]" started-at="2024-11-26T12:39:40 GMT" name="tearDown" finished-at="2024-11-26T12:39:41 GMT" duration-ms="208" status="PASS">
          <reporter-output>
          </reporter-output>
        </test-method> <!-- tearDown -->
      </class> <!-- com.w2a.base.TestBase -->
    </test> <!-- LoginTest -->
  </suite> <!-- Data Driven Basics -->
</testng-results>
